13:22:27.639 [TestNG-tests-4] DEBUG tests.LoginTest - Browser got launched
13:22:43.466 [TestNG-tests-4] DEBUG tests.LoginTest - Navigated to application URL
13:22:45.875 [TestNG-tests-4] DEBUG tests.LoginTest - Clicked on My Account dropdown
13:22:46.384 [TestNG-tests-4] DEBUG tests.LoginTest - Clicked on login option
13:22:49.513 [TestNG-tests-4] DEBUG tests.LoginTest - Email addressed got entered
13:22:49.558 [TestNG-tests-4] DEBUG tests.LoginTest - Password got entered
13:22:49.629 [TestNG-tests-4] DEBUG tests.LoginTest - Clicked on login button
13:22:50.777 [TestNG-tests-4] DEBUG tests.LoginTest - User got logged in
13:22:50.779 [TestNG-tests-4] INFO  tests.LoginTest - Login Test got Passed
13:22:51.316 [TestNG-tests-4] DEBUG tests.LoginTest - Browser got closed
13:30:09.875 [TestNG-tests-4] DEBUG tests.LoginTest - Browser got launched
13:30:13.735 [TestNG-tests-4] DEBUG tests.LoginTest - Navigated to application URL
13:30:14.012 [TestNG-tests-4] DEBUG tests.LoginTest - Clicked on My Account dropdown
13:30:14.512 [TestNG-tests-4] DEBUG tests.LoginTest - Clicked on login option
13:30:17.682 [TestNG-tests-4] DEBUG tests.LoginTest - Email addressed got entered
13:30:17.773 [TestNG-tests-4] DEBUG tests.LoginTest - Password got entered
13:30:18.985 [TestNG-tests-4] DEBUG tests.LoginTest - Clicked on login button
13:30:19.026 [TestNG-tests-4] DEBUG tests.LoginTest - User got logged in
13:30:19.029 [TestNG-tests-4] INFO  tests.LoginTest - Login Test got Passed
13:30:19.617 [TestNG-tests-4] DEBUG tests.LoginTest - Browser got closed
18:03:50.331 [main] DEBUG tests.LoginTest - Browser got launched
18:03:54.765 [main] DEBUG tests.LoginTest - Navigated to application URL
18:03:54.857 [main] DEBUG tests.LoginTest - Clicked on My Account dropdown
18:03:58.234 [main] DEBUG tests.LoginTest - Clicked on login option
18:04:01.352 [main] DEBUG tests.LoginTest - Email addressed got entered
18:04:01.401 [main] DEBUG tests.LoginTest - Password got entered
18:04:02.904 [main] DEBUG tests.LoginTest - Clicked on login button
18:04:02.973 [main] DEBUG tests.LoginTest - User got logged in
18:04:02.973 [main] INFO  tests.LoginTest - Login Test got Passed
18:04:03.355 [main] DEBUG tests.LoginTest - Browser got closed
18:10:23.565 [main] DEBUG tests.LoginTest - Browser got launched
18:10:26.429 [main] DEBUG tests.LoginTest - Navigated to application URL
18:10:26.532 [main] DEBUG tests.LoginTest - Clicked on My Account dropdown
18:10:26.938 [main] DEBUG tests.LoginTest - Clicked on login option
18:10:30.035 [main] DEBUG tests.LoginTest - Email addressed got entered
18:10:30.085 [main] DEBUG tests.LoginTest - Password got entered
18:10:30.146 [main] DEBUG tests.LoginTest - Clicked on login button
18:10:31.101 [main] DEBUG tests.LoginTest - User got logged in
18:10:31.101 [main] INFO  tests.LoginTest - Login Test got Passed
18:10:31.435 [main] DEBUG tests.LoginTest - Browser got closed
18:27:22.949 [TestNG-tests-4] DEBUG tests.LoginTest - Browser got launched
18:27:25.996 [TestNG-tests-4] DEBUG tests.LoginTest - Navigated to application URL
18:27:26.227 [TestNG-tests-4] DEBUG tests.LoginTest - Clicked on My Account dropdown
18:27:26.744 [TestNG-tests-4] DEBUG tests.LoginTest - Clicked on login option
18:27:29.878 [TestNG-tests-4] DEBUG tests.LoginTest - Email addressed got entered
18:27:29.951 [TestNG-tests-4] DEBUG tests.LoginTest - Password got entered
18:27:30.052 [TestNG-tests-4] DEBUG tests.LoginTest - Clicked on login button
18:27:31.121 [TestNG-tests-4] DEBUG tests.LoginTest - User got logged in
18:27:31.121 [TestNG-tests-4] INFO  tests.LoginTest - Login Test got Passed
18:27:33.158 [TestNG-tests-4] DEBUG tests.LoginTest - Browser got closed
18:36:47.123 [TestNG-tests-4] DEBUG tests.LoginTest - Browser got launched
18:36:50.653 [TestNG-tests-4] DEBUG tests.LoginTest - Navigated to application URL
18:36:50.801 [TestNG-tests-4] DEBUG tests.LoginTest - Clicked on My Account dropdown
18:36:51.224 [TestNG-tests-4] DEBUG tests.LoginTest - Clicked on login option
18:36:54.326 [TestNG-tests-4] DEBUG tests.LoginTest - Email addressed got entered
18:36:54.406 [TestNG-tests-4] DEBUG tests.LoginTest - Password got entered
18:36:54.491 [TestNG-tests-4] DEBUG tests.LoginTest - Clicked on login button
18:36:55.466 [TestNG-tests-4] DEBUG tests.LoginTest - User got logged in
18:36:55.472 [TestNG-tests-4] INFO  tests.LoginTest - Login Test got Passed
18:36:55.874 [TestNG-tests-4] DEBUG tests.LoginTest - Browser got closed
16:46:25.996 [TestNG-tests-4] DEBUG tests.LoginTest - Browser got launched
16:46:29.967 [TestNG-tests-4] DEBUG tests.LoginTest - Navigated to application URL
16:46:30.117 [TestNG-tests-4] DEBUG tests.LoginTest - Clicked on My Account dropdown
16:46:30.559 [TestNG-tests-4] DEBUG tests.LoginTest - Clicked on login option
16:46:33.685 [TestNG-tests-4] DEBUG tests.LoginTest - Email addressed got entered
16:46:33.781 [TestNG-tests-4] DEBUG tests.LoginTest - Password got entered
16:46:33.886 [TestNG-tests-4] DEBUG tests.LoginTest - Clicked on login button
16:46:34.829 [TestNG-tests-4] DEBUG tests.LoginTest - User got logged in
16:46:34.831 [TestNG-tests-4] INFO  tests.LoginTest - Login Test got Passed
16:46:35.203 [TestNG-tests-4] DEBUG tests.LoginTest - Browser got closed
18:18:51.247 [TestNG-tests-4] DEBUG tests.LoginTest - Browser got launched
18:18:54.594 [TestNG-tests-4] DEBUG tests.LoginTest - Navigated to application URL
18:18:54.741 [TestNG-tests-4] DEBUG tests.LoginTest - Clicked on My Account dropdown
18:18:55.176 [TestNG-tests-4] DEBUG tests.LoginTest - Clicked on login option
18:18:58.299 [TestNG-tests-4] DEBUG tests.LoginTest - Email addressed got entered
18:18:58.377 [TestNG-tests-4] DEBUG tests.LoginTest - Password got entered
18:18:58.513 [TestNG-tests-4] DEBUG tests.LoginTest - Clicked on login button
18:18:59.565 [TestNG-tests-4] DEBUG tests.LoginTest - User got logged in
18:18:59.568 [TestNG-tests-4] INFO  tests.LoginTest - Login Test got Passed
18:19:01.595 [TestNG-tests-4] DEBUG tests.LoginTest - Browser got closed
